\BOOKMARK [1][-]{section.1}{\376\377\000I\000n\000t\000r\000o\000d\000u\000c\000t\000i\000o\000n}{}% 1
\BOOKMARK [1][-]{section.2}{\376\377\000I\000n\000s\000u\000r\000a\000n\000c\000e\000\040\000C\000h\000a\000r\000g\000e\000s}{}% 2
\BOOKMARK [2][-]{subsection.2.1}{\376\377\000E\000x\000p\000l\000o\000r\000a\000t\000o\000r\000y\000\040\000D\000a\000t\000a\000\040\000A\000n\000a\000l\000y\000s\000i\000s}{section.2}% 3
\BOOKMARK [2][-]{subsection.2.2}{\376\377\000M\000u\000l\000t\000i\000p\000l\000e\000\040\000L\000i\000n\000e\000a\000r\000\040\000R\000e\000g\000r\000e\000s\000s\000i\000o\000n}{section.2}% 4
\BOOKMARK [3][-]{subsubsection.2.2.1}{\376\377\000Q\000u\000a\000l\000i\000t\000y\000\040\000o\000f\000\040\000F\000i\000t}{subsection.2.2}% 5
\BOOKMARK [3][-]{subsubsection.2.2.2}{\376\377\000F\000e\000a\000t\000u\000r\000e\000\040\000S\000e\000l\000e\000c\000t\000i\000o\000n}{subsection.2.2}% 6
\BOOKMARK [2][-]{subsection.2.3}{\376\377\000R\000i\000d\000g\000e\000\040\000R\000e\000g\000r\000e\000s\000s\000i\000o\000n}{section.2}% 7
\BOOKMARK [3][-]{subsubsection.2.3.1}{\376\377\000Q\000u\000a\000l\000i\000t\000y\000\040\000o\000f\000\040\000F\000i\000t}{subsection.2.3}% 8
\BOOKMARK [3][-]{subsubsection.2.3.2}{\376\377\000F\000e\000a\000t\000u\000r\000e\000\040\000S\000e\000l\000e\000c\000t\000i\000o\000n}{subsection.2.3}% 9
\BOOKMARK [2][-]{subsection.2.4}{\376\377\000L\000a\000s\000s\000o\000\040\000R\000e\000g\000r\000e\000s\000s\000i\000o\000n}{section.2}% 10
\BOOKMARK [3][-]{subsubsection.2.4.1}{\376\377\000Q\000u\000a\000l\000i\000t\000y\000\040\000o\000f\000\040\000F\000i\000t}{subsection.2.4}% 11
\BOOKMARK [3][-]{subsubsection.2.4.2}{\376\377\000F\000e\000a\000t\000u\000r\000e\000\040\000S\000e\000l\000e\000c\000t\000i\000o\000n}{subsection.2.4}% 12
\BOOKMARK [2][-]{subsection.2.5}{\376\377\000S\000q\000r\000t\000\040\000T\000r\000a\000n\000s\000f\000o\000r\000m\000a\000t\000i\000o\000n}{section.2}% 13
\BOOKMARK [3][-]{subsubsection.2.5.1}{\376\377\000Q\000u\000a\000l\000i\000t\000y\000\040\000o\000f\000\040\000F\000i\000t}{subsection.2.5}% 14
\BOOKMARK [3][-]{subsubsection.2.5.2}{\376\377\000F\000e\000a\000t\000u\000r\000e\000\040\000S\000e\000l\000e\000c\000t\000i\000o\000n}{subsection.2.5}% 15
\BOOKMARK [2][-]{subsection.2.6}{\376\377\000L\000o\000g\0001\000p\000\040\000T\000r\000a\000n\000s\000f\000o\000r\000m\000a\000t\000i\000o\000n}{section.2}% 16
\BOOKMARK [3][-]{subsubsection.2.6.1}{\376\377\000Q\000u\000a\000l\000i\000t\000y\000\040\000o\000f\000\040\000F\000i\000t}{subsection.2.6}% 17
\BOOKMARK [3][-]{subsubsection.2.6.2}{\376\377\000F\000e\000a\000t\000u\000r\000e\000\040\000S\000e\000l\000e\000c\000t\000i\000o\000n}{subsection.2.6}% 18
\BOOKMARK [2][-]{subsection.2.7}{\376\377\000B\000o\000x\000-\000C\000o\000x\000\040\000T\000r\000a\000n\000s\000f\000o\000r\000m\000a\000t\000i\000o\000n}{section.2}% 19
\BOOKMARK [3][-]{subsubsection.2.7.1}{\376\377\000Q\000u\000a\000l\000i\000t\000y\000\040\000o\000f\000\040\000F\000i\000t}{subsection.2.7}% 20
\BOOKMARK [3][-]{subsubsection.2.7.2}{\376\377\000F\000e\000a\000t\000u\000r\000e\000\040\000S\000e\000l\000e\000c\000t\000i\000o\000n}{subsection.2.7}% 21
\BOOKMARK [2][-]{subsection.2.8}{\376\377\000O\000r\000d\000e\000r\000\040\0002\000\040\000R\000e\000g\000r\000e\000s\000s\000i\000o\000n}{section.2}% 22
\BOOKMARK [3][-]{subsubsection.2.8.1}{\376\377\000Q\000u\000a\000l\000i\000t\000y\000\040\000o\000f\000\040\000F\000i\000t}{subsection.2.8}% 23
\BOOKMARK [3][-]{subsubsection.2.8.2}{\376\377\000F\000e\000a\000t\000u\000r\000e\000\040\000S\000e\000l\000e\000c\000t\000i\000o\000n}{subsection.2.8}% 24
\BOOKMARK [2][-]{subsection.2.9}{\376\377\000T\000w\000o\000\040\000L\000a\000y\000e\000r\000\040\000N\000e\000u\000r\000a\000l\000\040\000N\000e\000t\000w\000o\000r\000k}{section.2}% 25
\BOOKMARK [3][-]{subsubsection.2.9.1}{\376\377\000Q\000u\000a\000l\000i\000t\000y\000\040\000o\000f\000\040\000F\000i\000t}{subsection.2.9}% 26
\BOOKMARK [3][-]{subsubsection.2.9.2}{\376\377\000F\000e\000a\000t\000u\000r\000e\000\040\000S\000e\000l\000e\000c\000t\000i\000o\000n}{subsection.2.9}% 27
\BOOKMARK [2][-]{subsection.2.10}{\376\377\000T\000h\000r\000e\000e\000\040\000L\000a\000y\000e\000r\000\040\000N\000e\000u\000r\000a\000l\000\040\000N\000e\000t\000w\000o\000r\000k}{section.2}% 28
\BOOKMARK [3][-]{subsubsection.2.10.1}{\376\377\000Q\000u\000a\000l\000i\000t\000y\000\040\000o\000f\000\040\000F\000i\000t}{subsection.2.10}% 29
\BOOKMARK [3][-]{subsubsection.2.10.2}{\376\377\000F\000e\000a\000t\000u\000r\000e\000\040\000S\000e\000l\000e\000c\000t\000i\000o\000n}{subsection.2.10}% 30
\BOOKMARK [2][-]{subsection.2.11}{\376\377\000F\000o\000u\000r\000\040\000L\000a\000y\000e\000r\000\040\000N\000e\000u\000r\000a\000l\000\040\000N\000e\000t\000w\000o\000r\000k}{section.2}% 31
\BOOKMARK [3][-]{subsubsection.2.11.1}{\376\377\000Q\000u\000a\000l\000i\000t\000y\000\040\000o\000f\000\040\000F\000i\000t}{subsection.2.11}% 32
\BOOKMARK [3][-]{subsubsection.2.11.2}{\376\377\000F\000e\000a\000t\000u\000r\000e\000\040\000S\000e\000l\000e\000c\000t\000i\000o\000n}{subsection.2.11}% 33
\BOOKMARK [2][-]{subsection.2.12}{\376\377\000M\000o\000d\000e\000l\000\040\000C\000o\000m\000p\000a\000r\000i\000s\000o\000n}{section.2}% 34
