This is pdfTeX, Version 3.141592653-2.6-1.40.26 (TeX Live 2024) (preloaded format=pdflatex 2024.5.10)  16 APR 2026 15:54
entering extended mode
 restricted \write18 enabled.
 file:line:error style messages enabled.
 %&-line parsing enabled.
**Report.tex
(./Report.tex
LaTeX2e <2023-11-01> patch level 1
L3 programming layer <2024-02-20>
(/usr/local/texlive/2024/texmf-dist/tex/latex/base/article.cls
Document Class: article 2023/05/17 v1.4n Standard LaTeX document class
(/usr/local/texlive/2024/texmf-dist/tex/latex/base/size10.clo
File: size10.clo 2023/05/17 v1.4n Standard LaTeX file (size option)
)
\c@part=\count188
\c@section=\count189
\c@subsection=\count190
\c@subsubsection=\count191
\c@paragraph=\count192
\c@subparagraph=\count193
\c@figure=\count194
\c@table=\count195
\abovecaptionskip=\skip48
\belowcaptionskip=\skip49
\bibindent=\dimen140
)
(/usr/local/texlive/2024/texmf-dist/tex/latex/base/inputenc.sty
Package: inputenc 2021/02/14 v1.3d Input encoding file
\inpenc@prehook=\toks17
\inpenc@posthook=\toks18
)
(/usr/local/texlive/2024/texmf-dist/tex/latex/geometry/geometry.sty
Package: geometry 2020/01/02 v5.9 Page Geometry

(/usr/local/texlive/2024/texmf-dist/tex/latex/graphics/keyval.sty
Package: keyval 2022/05/29 v1.15 key=value parser (DPC)
\KV@toks@=\toks19
)
(/usr/local/texlive/2024/texmf-dist/tex/generic/iftex/ifvtex.sty
Package: ifvtex 2019/10/25 v1.7 ifvtex legacy package. Use iftex instead.

(/usr/local/texlive/2024/texmf-dist/tex/generic/iftex/iftex.sty
Package: iftex 2022/02/03 v1.0f TeX engine tests
))
\Gm@cnth=\count196
\Gm@cntv=\count197
\c@Gm@tempcnt=\count198
\Gm@bindingoffset=\dimen141
\Gm@wd@mp=\dimen142
\Gm@odd@mp=\dimen143
\Gm@even@mp=\dimen144
\Gm@layoutwidth=\dimen145
\Gm@layoutheight=\dimen146
\Gm@layouthoffset=\dimen147
\Gm@layoutvoffset=\dimen148
\Gm@dimlist=\toks20
)
(/usr/local/texlive/2024/texmf-dist/tex/latex/graphics/graphicx.sty
Package: graphicx 2021/09/16 v1.2d Enhanced LaTeX Graphics (DPC,SPQR)

(/usr/local/texlive/2024/texmf-dist/tex/latex/graphics/graphics.sty
Package: graphics 2022/03/10 v1.4e Standard LaTeX Graphics (DPC,SPQR)

(/usr/local/texlive/2024/texmf-dist/tex/latex/graphics/trig.sty
Package: trig 2021/08/11 v1.11 sin cos tan (DPC)
)
(/usr/local/texlive/2024/texmf-dist/tex/latex/graphics-cfg/graphics.cfg
File: graphics.cfg 2016/06/04 v1.11 sample graphics configuration
)
Package graphics Info: Driver file: pdftex.def on input line 107.

(/usr/local/texlive/2024/texmf-dist/tex/latex/graphics-def/pdftex.def
File: pdftex.def 2022/09/22 v1.2b Graphics/color driver for pdftex
))
\Gin@req@height=\dimen149
\Gin@req@width=\dimen150
)
(/usr/local/texlive/2024/texmf-dist/tex/latex/caption/caption.sty
Package: caption 2023/08/05 v3.6o Customizing captions (AR)

(/usr/local/texlive/2024/texmf-dist/tex/latex/caption/caption3.sty
Package: caption3 2023/07/31 v2.4d caption3 kernel (AR)
\caption@tempdima=\dimen151
\captionmargin=\dimen152
\caption@leftmargin=\dimen153
\caption@rightmargin=\dimen154
\caption@width=\dimen155
\caption@indent=\dimen156
\caption@parindent=\dimen157
\caption@hangindent=\dimen158
Package caption Info: Standard document class detected.
)
\c@caption@flags=\count199
\c@continuedfloat=\count266
)
(/usr/local/texlive/2024/texmf-dist/tex/latex/caption/subcaption.sty
Package: subcaption 2023/07/28 v1.6b Sub-captions (AR)
Package caption Info: New subtype `subfigure' on input line 238.
\c@subfigure=\count267
Package caption Info: New subtype `subtable' on input line 238.
\c@subtable=\count268
)
(/usr/local/texlive/2024/texmf-dist/tex/latex/amsmath/amsmath.sty
Package: amsmath 2023/05/13 v2.17o AMS math features
\@mathmargin=\skip50

For additional information on amsmath, use the `?' option.
(/usr/local/texlive/2024/texmf-dist/tex/latex/amsmath/amstext.sty
Package: amstext 2021/08/26 v2.01 AMS text

(/usr/local/texlive/2024/texmf-dist/tex/latex/amsmath/amsgen.sty
File: amsgen.sty 1999/11/30 v2.0 generic functions
\@emptytoks=\toks21
\ex@=\dimen159
))
(/usr/local/texlive/2024/texmf-dist/tex/latex/amsmath/amsbsy.sty
Package: amsbsy 1999/11/29 v1.2d Bold Symbols
\pmbraise@=\dimen160
)
(/usr/local/texlive/2024/texmf-dist/tex/latex/amsmath/amsopn.sty
Package: amsopn 2022/04/08 v2.04 operator names
)
\inf@bad=\count269
LaTeX Info: Redefining \frac on input line 234.
\uproot@=\count270
\leftroot@=\count271
LaTeX Info: Redefining \overline on input line 399.
LaTeX Info: Redefining \colon on input line 410.
\classnum@=\count272
\DOTSCASE@=\count273
LaTeX Info: Redefining \ldots on input line 496.
LaTeX Info: Redefining \dots on input line 499.
LaTeX Info: Redefining \cdots on input line 620.
\Mathstrutbox@=\box51
\strutbox@=\box52
LaTeX Info: Redefining \big on input line 722.
LaTeX Info: Redefining \Big on input line 723.
LaTeX Info: Redefining \bigg on input line 724.
LaTeX Info: Redefining \Bigg on input line 725.
\big@size=\dimen161
LaTeX Font Info:    Redeclaring font encoding OML on input line 743.
LaTeX Font Info:    Redeclaring font encoding OMS on input line 744.
\macc@depth=\count274
LaTeX Info: Redefining \bmod on input line 905.
LaTeX Info: Redefining \pmod on input line 910.
LaTeX Info: Redefining \smash on input line 940.
LaTeX Info: Redefining \relbar on input line 970.
LaTeX Info: Redefining \Relbar on input line 971.
\c@MaxMatrixCols=\count275
\dotsspace@=\muskip16
\c@parentequation=\count276
\dspbrk@lvl=\count277
\tag@help=\toks22
\row@=\count278
\column@=\count279
\maxfields@=\count280
\andhelp@=\toks23
\eqnshift@=\dimen162
\alignsep@=\dimen163
\tagshift@=\dimen164
\tagwidth@=\dimen165
\totwidth@=\dimen166
\lineht@=\dimen167
\@envbody=\toks24
\multlinegap=\skip51
\multlinetaggap=\skip52
\mathdisplay@stack=\toks25
LaTeX Info: Redefining \[ on input line 2953.
LaTeX Info: Redefining \] on input line 2954.
)
(/usr/local/texlive/2024/texmf-dist/tex/latex/booktabs/booktabs.sty
Package: booktabs 2020/01/12 v1.61803398 Publication quality tables
\heavyrulewidth=\dimen168
\lightrulewidth=\dimen169
\cmidrulewidth=\dimen170
\belowrulesep=\dimen171
\belowbottomsep=\dimen172
\aboverulesep=\dimen173
\abovetopsep=\dimen174
\cmidrulesep=\dimen175
\cmidrulekern=\dimen176
\defaultaddspace=\dimen177
\@cmidla=\count281
\@cmidlb=\count282
\@aboverulesep=\dimen178
\@belowrulesep=\dimen179
\@thisruleclass=\count283
\@lastruleclass=\count284
\@thisrulewidth=\dimen180
)
(/usr/local/texlive/2024/texmf-dist/tex/latex/float/float.sty
Package: float 2001/11/08 v1.3d Float enhancements (AL)
\c@float@type=\count285
\float@exts=\toks26
\float@box=\box53
\@float@everytoks=\toks27
\@floatcapt=\box54
)
(/usr/local/texlive/2024/texmf-dist/tex/latex/hyperref/hyperref.sty
Package: hyperref 2024-01-20 v7.01h Hypertext links for LaTeX

(/usr/local/texlive/2024/texmf-dist/tex/latex/kvsetkeys/kvsetkeys.sty
Package: kvsetkeys 2022-10-05 v1.19 Key value parser (HO)
)
(/usr/local/texlive/2024/texmf-dist/tex/generic/kvdefinekeys/kvdefinekeys.sty
Package: kvdefinekeys 2019-12-19 v1.6 Define keys (HO)
)
(/usr/local/texlive/2024/texmf-dist/tex/generic/pdfescape/pdfescape.sty
Package: pdfescape 2019/12/09 v1.15 Implements pdfTeX's escape features (HO)

(/usr/local/texlive/2024/texmf-dist/tex/generic/ltxcmds/ltxcmds.sty
Package: ltxcmds 2023-12-04 v1.26 LaTeX kernel commands for general use (HO)
)
(/usr/local/texlive/2024/texmf-dist/tex/generic/pdftexcmds/pdftexcmds.sty
Package: pdftexcmds 2020-06-27 v0.33 Utility functions of pdfTeX for LuaTeX (HO
)

(/usr/local/texlive/2024/texmf-dist/tex/generic/infwarerr/infwarerr.sty
Package: infwarerr 2019/12/03 v1.5 Providing info/warning/error messages (HO)
)
Package pdftexcmds Info: \pdf@primitive is available.
Package pdftexcmds Info: \pdf@ifprimitive is available.
Package pdftexcmds Info: \pdfdraftmode found.
))
(/usr/local/texlive/2024/texmf-dist/tex/latex/hycolor/hycolor.sty
Package: hycolor 2020-01-27 v1.10 Color options for hyperref/bookmark (HO)
)
(/usr/local/texlive/2024/texmf-dist/tex/latex/auxhook/auxhook.sty
Package: auxhook 2019-12-17 v1.6 Hooks for auxiliary files (HO)
)
(/usr/local/texlive/2024/texmf-dist/tex/latex/hyperref/nameref.sty
Package: nameref 2023-11-26 v2.56 Cross-referencing by name of section

(/usr/local/texlive/2024/texmf-dist/tex/latex/refcount/refcount.sty
Package: refcount 2019/12/15 v3.6 Data extraction from label references (HO)
)
(/usr/local/texlive/2024/texmf-dist/tex/generic/gettitlestring/gettitlestring.s
ty
Package: gettitlestring 2019/12/15 v1.6 Cleanup title references (HO)
 (/usr/local/texlive/2024/texmf-dist/tex/latex/kvoptions/kvoptions.sty
Package: kvoptions 2022-06-15 v3.15 Key value format for package options (HO)
))
\c@section@level=\count286
)
(/usr/local/texlive/2024/texmf-dist/tex/latex/etoolbox/etoolbox.sty
Package: etoolbox 2020/10/05 v2.5k e-TeX tools for LaTeX (JAW)
\etb@tempcnta=\count287
)
\@linkdim=\dimen181
\Hy@linkcounter=\count288
\Hy@pagecounter=\count289

(/usr/local/texlive/2024/texmf-dist/tex/latex/hyperref/pd1enc.def
File: pd1enc.def 2024-01-20 v7.01h Hyperref: PDFDocEncoding definition (HO)
Now handling font encoding PD1 ...
... no UTF-8 mapping file for font encoding PD1
)
(/usr/local/texlive/2024/texmf-dist/tex/generic/intcalc/intcalc.sty
Package: intcalc 2019/12/15 v1.3 Expandable calculations with integers (HO)
)
\Hy@SavedSpaceFactor=\count290

(/usr/local/texlive/2024/texmf-dist/tex/latex/hyperref/puenc.def
File: puenc.def 2024-01-20 v7.01h Hyperref: PDF Unicode definition (HO)
Now handling font encoding PU ...
... no UTF-8 mapping file for font encoding PU
)
Package hyperref Info: Option `colorlinks' set `true' on input line 4062.
Package hyperref Info: Hyper figures OFF on input line 4179.
Package hyperref Info: Link nesting OFF on input line 4184.
Package hyperref Info: Hyper index ON on input line 4187.
Package hyperref Info: Plain pages OFF on input line 4194.
Package hyperref Info: Backreferencing OFF on input line 4199.
Package hyperref Info: Implicit mode ON; LaTeX internals redefined.
Package hyperref Info: Bookmarks ON on input line 4446.
\c@Hy@tempcnt=\count291

(/usr/local/texlive/2024/texmf-dist/tex/latex/url/url.sty
\Urlmuskip=\muskip17
Package: url 2013/09/16  ver 3.4  Verb mode for urls, etc.
)
LaTeX Info: Redefining \url on input line 4784.
\XeTeXLinkMargin=\dimen182

(/usr/local/texlive/2024/texmf-dist/tex/generic/bitset/bitset.sty
Package: bitset 2019/12/09 v1.3 Handle bit-vector datatype (HO)

(/usr/local/texlive/2024/texmf-dist/tex/generic/bigintcalc/bigintcalc.sty
Package: bigintcalc 2019/12/15 v1.5 Expandable calculations on big integers (HO
)
))
\Fld@menulength=\count292
\Field@Width=\dimen183
\Fld@charsize=\dimen184
Package hyperref Info: Hyper figures OFF on input line 6063.
Package hyperref Info: Link nesting OFF on input line 6068.
Package hyperref Info: Hyper index ON on input line 6071.
Package hyperref Info: backreferencing OFF on input line 6078.
Package hyperref Info: Link coloring ON on input line 6081.
Package hyperref Info: Link coloring with OCG OFF on input line 6088.
Package hyperref Info: PDF/A mode OFF on input line 6093.

(/usr/local/texlive/2024/texmf-dist/tex/latex/base/atbegshi-ltx.sty
Package: atbegshi-ltx 2021/01/10 v1.0c Emulation of the original atbegshi
package with kernel methods
)
\Hy@abspage=\count293
\c@Item=\count294
\c@Hfootnote=\count295
)
Package hyperref Info: Driver (autodetected): hpdftex.

(/usr/local/texlive/2024/texmf-dist/tex/latex/hyperref/hpdftex.def
File: hpdftex.def 2024-01-20 v7.01h Hyperref driver for pdfTeX

(/usr/local/texlive/2024/texmf-dist/tex/latex/base/atveryend-ltx.sty
Package: atveryend-ltx 2020/08/19 v1.0a Emulation of the original atveryend pac
kage
with kernel methods
)
\Fld@listcount=\count296
\c@bookmark@seq@number=\count297

(/usr/local/texlive/2024/texmf-dist/tex/latex/rerunfilecheck/rerunfilecheck.sty
Package: rerunfilecheck 2022-07-10 v1.10 Rerun checks for auxiliary files (HO)

(/usr/local/texlive/2024/texmf-dist/tex/generic/uniquecounter/uniquecounter.sty
Package: uniquecounter 2019/12/15 v1.4 Provide unlimited unique counter (HO)
)
Package uniquecounter Info: New unique counter `rerunfilecheck' on input line 2
85.
)
\Hy@SectionHShift=\skip53
) (/usr/local/texlive/2024/texmf-dist/tex/latex/cleveref/cleveref.sty
Package: cleveref 2018/03/27 v0.21.4 Intelligent cross-referencing
Package cleveref Info: `hyperref' support loaded on input line 2370.
LaTeX Info: Redefining \cref on input line 2370.
LaTeX Info: Redefining \Cref on input line 2370.
LaTeX Info: Redefining \crefrange on input line 2370.
LaTeX Info: Redefining \Crefrange on input line 2370.
LaTeX Info: Redefining \cpageref on input line 2370.
LaTeX Info: Redefining \Cpageref on input line 2370.
LaTeX Info: Redefining \cpagerefrange on input line 2370.
LaTeX Info: Redefining \Cpagerefrange on input line 2370.
LaTeX Info: Redefining \labelcref on input line 2370.
LaTeX Info: Redefining \labelcpageref on input line 2370.
)
(/usr/local/texlive/2024/texmf-dist/tex/latex/l3backend/l3backend-pdftex.def
File: l3backend-pdftex.def 2024-02-20 L3 backend support: PDF output (pdfTeX)
\l__color_backend_stack_int=\count298
\l__pdf_internal_box=\box55
)
No file Report.aux.
\openout1 = `Report.aux'.

LaTeX Font Info:    Checking defaults for OML/cmm/m/it on input line 17.
LaTeX Font Info:    ... okay on input line 17.
LaTeX Font Info:    Checking defaults for OMS/cmsy/m/n on input line 17.
LaTeX Font Info:    ... okay on input line 17.
LaTeX Font Info:    Checking defaults for OT1/cmr/m/n on input line 17.
LaTeX Font Info:    ... okay on input line 17.
LaTeX Font Info:    Checking defaults for T1/cmr/m/n on input line 17.
LaTeX Font Info:    ... okay on input line 17.
LaTeX Font Info:    Checking defaults for TS1/cmr/m/n on input line 17.
LaTeX Font Info:    ... okay on input line 17.
LaTeX Font Info:    Checking defaults for OMX/cmex/m/n on input line 17.
LaTeX Font Info:    ... okay on input line 17.
LaTeX Font Info:    Checking defaults for U/cmr/m/n on input line 17.
LaTeX Font Info:    ... okay on input line 17.
LaTeX Font Info:    Checking defaults for PD1/pdf/m/n on input line 17.
LaTeX Font Info:    ... okay on input line 17.
LaTeX Font Info:    Checking defaults for PU/pdf/m/n on input line 17.
LaTeX Font Info:    ... okay on input line 17.
*geometry* driver: auto-detecting
*geometry* detected driver: pdftex
*geometry* verbose mode - [ preamble ] result:
* driver: pdftex
* paper: <default>
* layout: <same size as paper>
* layoutoffset:(h,v)=(0.0pt,0.0pt)
* modes: 
* h-part:(L,W,R)=(28.45274pt, 557.38951pt, 28.45274pt)
* v-part:(T,H,B)=(56.9055pt, 681.15898pt, 56.9055pt)
* \paperwidth=614.295pt
* \paperheight=794.96999pt
* \textwidth=557.38951pt
* \textheight=681.15898pt
* \oddsidemargin=-43.81725pt
* \evensidemargin=-43.81725pt
* \topmargin=-52.36449pt
* \headheight=12.0pt
* \headsep=25.0pt
* \topskip=10.0pt
* \footskip=30.0pt
* \marginparwidth=65.0pt
* \marginparsep=11.0pt
* \columnsep=10.0pt
* \skip\footins=9.0pt plus 4.0pt minus 2.0pt
* \hoffset=0.0pt
* \voffset=0.0pt
* \mag=1000
* \@twocolumnfalse
* \@twosidefalse
* \@mparswitchfalse
* \@reversemarginfalse
* (1in=72.27pt=25.4mm, 1cm=28.453pt)

(/usr/local/texlive/2024/texmf-dist/tex/context/base/mkii/supp-pdf.mkii
[Loading MPS to PDF converter (version 2006.09.02).]
\scratchcounter=\count299
\scratchdimen=\dimen185
\scratchbox=\box56
\nofMPsegments=\count300
\nofMParguments=\count301
\everyMPshowfont=\toks28
\MPscratchCnt=\count302
\MPscratchDim=\dimen186
\MPnumerator=\count303
\makeMPintoPDFobject=\count304
\everyMPtoPDFconversion=\toks29
) (/usr/local/texlive/2024/texmf-dist/tex/latex/epstopdf-pkg/epstopdf-base.sty
Package: epstopdf-base 2020-01-24 v2.11 Base part for package epstopdf
Package epstopdf-base Info: Redefining graphics rule for `.eps' on input line 4
85.

(/usr/local/texlive/2024/texmf-dist/tex/latex/latexconfig/epstopdf-sys.cfg
File: epstopdf-sys.cfg 2010/07/13 v1.3 Configuration of (r)epstopdf for TeX Liv
e
))
Package caption Info: Begin \AtBeginDocument code.
Package caption Info: float package is loaded.
Package caption Info: hyperref package is loaded.
Package caption Info: End \AtBeginDocument code.

(/usr/local/texlive/2024/texmf-dist/tex/latex/graphics/color.sty
Package: color 2022/01/06 v1.3d Standard LaTeX Color (DPC)

(/usr/local/texlive/2024/texmf-dist/tex/latex/graphics-cfg/color.cfg
File: color.cfg 2016/01/02 v1.6 sample color configuration
)
Package color Info: Driver file: pdftex.def on input line 149.

(/usr/local/texlive/2024/texmf-dist/tex/latex/graphics/mathcolor.ltx))
Package hyperref Info: Link coloring ON on input line 17.
\@outlinefile=\write3
\openout3 = `Report.out'.



LaTeX Warning: Reference `fig:Insurance Charges Histograms' on page 1 undefined
 on input line 46.


LaTeX Warning: Reference `fig:Insurance Charges Box Plots' on page 1 undefined 
on input line 46.

<../Insurance_Charges/histograms.png, id=5, 859.65166pt x 569.84895pt>
File: ../Insurance_Charges/histograms.png Graphic file (type png)
<use ../Insurance_Charges/histograms.png>
Package pdftex.def Info: ../Insurance_Charges/histograms.png  used on input lin
e 51.
(pdftex.def)             Requested size: 418.04213pt x 277.1155pt.
[1

{/usr/local/texlive/2024/texmf-var/fonts/map/pdftex/updmap/pdftex.map}{/usr/loc
al/texlive/2024/texmf-dist/fonts/enc/dvips/cm-super/cm-super-ts1.enc}]
<../Insurance_Charges/boxplots.png, id=22, 1293.27165pt x 859.2903pt>
File: ../Insurance_Charges/boxplots.png Graphic file (type png)
<use ../Insurance_Charges/boxplots.png>
Package pdftex.def Info: ../Insurance_Charges/boxplots.png  used on input line 
59.
(pdftex.def)             Requested size: 418.04213pt x 277.7582pt.


LaTeX Warning: Reference `fig:Insurance Charges Scatterplots' on page 1 undefin
ed on input line 64.


LaTeX Warning: Reference `fig:Insurance Charges Correlation Heat Map' on page 1
 undefined on input line 64.

[2 <../Insurance_Charges/histograms.png> <../Insurance_Charges/boxplots.png>]
<../Insurance_Charges/scatterplots.png, id=31, 1148.73164pt x 569.30693pt>
File: ../Insurance_Charges/scatterplots.png Graphic file (type png)
<use ../Insurance_Charges/scatterplots.png>
Package pdftex.def Info: ../Insurance_Charges/scatterplots.png  used on input l
ine 69.
(pdftex.def)             Requested size: 418.04213pt x 207.17418pt.
<../Insurance_Charges/correlation_heatmap.png, id=32, 678.6153pt x 570.933pt>
File: ../Insurance_Charges/correlation_heatmap.png Graphic file (type png)
<use ../Insurance_Charges/correlation_heatmap.png>
Package pdftex.def Info: ../Insurance_Charges/correlation_heatmap.png  used on 
input line 77.
(pdftex.def)             Requested size: 278.69475pt x 234.47606pt.


LaTeX Warning: Reference `fig:Insurance Charges Hue Plots' on page 1 undefined 
on input line 82.

<../Insurance_Charges/Hue_Plots.png, id=33, 1202.39212pt x 1437.4503pt>
File: ../Insurance_Charges/Hue_Plots.png Graphic file (type png)
<use ../Insurance_Charges/Hue_Plots.png>
Package pdftex.def Info: ../Insurance_Charges/Hue_Plots.png  used on input line
 87.
(pdftex.def)             Requested size: 501.64716pt x 599.71115pt.
[3 <../Insurance_Charges/scatterplots.png> <../Insurance_Charges/correlation_he
atmap.png>]
<../Insurance_Charges_Plots/Reg_In_Sample.png, id=42, 722.7pt x 433.62pt>
File: ../Insurance_Charges_Plots/Reg_In_Sample.png Graphic file (type png)
<use ../Insurance_Charges_Plots/Reg_In_Sample.png>
Package pdftex.def Info: ../Insurance_Charges_Plots/Reg_In_Sample.png  used on 
input line 108.
(pdftex.def)             Requested size: 273.12392pt x 163.87085pt.
<../Insurance_Charges_Plots/Reg_80_20.png, id=43, 722.7pt x 433.62pt>
File: ../Insurance_Charges_Plots/Reg_80_20.png Graphic file (type png)
<use ../Insurance_Charges_Plots/Reg_80_20.png>
Package pdftex.def Info: ../Insurance_Charges_Plots/Reg_80_20.png  used on inpu
t line 113.
(pdftex.def)             Requested size: 273.12392pt x 163.87085pt.
 [4 <../Insurance_Charges/Hue_Plots.png>] [5 <../Insurance_Charges_Plots/Reg_In
_Sample.png> <../Insurance_Charges_Plots/Reg_80_20.png>]
<../Insurance_Charges_Plots/Reg_rSq_Forward.png, id=60, 722.7pt x 433.62pt>
File: ../Insurance_Charges_Plots/Reg_rSq_Forward.png Graphic file (type png)
<use ../Insurance_Charges_Plots/Reg_rSq_Forward.png>
Package pdftex.def Info: ../Insurance_Charges_Plots/Reg_rSq_Forward.png  used o
n input line 177.
(pdftex.def)             Requested size: 273.12392pt x 163.87085pt.
<../Insurance_Charges_Plots/Reg_AIC_BIC_Forward.png, id=61, 722.7pt x 433.62pt>

File: ../Insurance_Charges_Plots/Reg_AIC_BIC_Forward.png Graphic file (type png
)
<use ../Insurance_Charges_Plots/Reg_AIC_BIC_Forward.png>
Package pdftex.def Info: ../Insurance_Charges_Plots/Reg_AIC_BIC_Forward.png  us
ed on input line 182.
(pdftex.def)             Requested size: 273.12392pt x 163.87085pt.
<../Insurance_Charges_Plots/Reg_rSq_Backward.png, id=62, 722.7pt x 433.62pt>
File: ../Insurance_Charges_Plots/Reg_rSq_Backward.png Graphic file (type png)
<use ../Insurance_Charges_Plots/Reg_rSq_Backward.png>
Package pdftex.def Info: ../Insurance_Charges_Plots/Reg_rSq_Backward.png  used 
on input line 196.
(pdftex.def)             Requested size: 273.12392pt x 163.87085pt.
<../Insurance_Charges_Plots/Reg_AIC_BIC_Backward.png, id=63, 722.7pt x 433.62pt
>
File: ../Insurance_Charges_Plots/Reg_AIC_BIC_Backward.png Graphic file (type pn
g)
<use ../Insurance_Charges_Plots/Reg_AIC_BIC_Backward.png>
Package pdftex.def Info: ../Insurance_Charges_Plots/Reg_AIC_BIC_Backward.png  u
sed on input line 201.
(pdftex.def)             Requested size: 273.12392pt x 163.87085pt.
 [6 <../Insurance_Charges_Plots/Reg_rSq_Forward.png> <../Insurance_Charges_Plot
s/Reg_AIC_BIC_Forward.png>]
<../Insurance_Charges_Plots/Reg_rSq_Stepwise.png, id=75, 722.7pt x 433.62pt>
File: ../Insurance_Charges_Plots/Reg_rSq_Stepwise.png Graphic file (type png)
<use ../Insurance_Charges_Plots/Reg_rSq_Stepwise.png>
Package pdftex.def Info: ../Insurance_Charges_Plots/Reg_rSq_Stepwise.png  used 
on input line 215.
(pdftex.def)             Requested size: 273.12392pt x 163.87085pt.
<../Insurance_Charges_Plots/Reg_AIC_BIC_Stepwise.png, id=76, 722.7pt x 433.62pt
>
File: ../Insurance_Charges_Plots/Reg_AIC_BIC_Stepwise.png Graphic file (type pn
g)
<use ../Insurance_Charges_Plots/Reg_AIC_BIC_Stepwise.png>
Package pdftex.def Info: ../Insurance_Charges_Plots/Reg_AIC_BIC_Stepwise.png  u
sed on input line 220.
(pdftex.def)             Requested size: 273.12392pt x 163.87085pt.
<../Insurance_Charges_Plots/Ridge_In_Sample.png, id=77, 722.7pt x 433.62pt>
File: ../Insurance_Charges_Plots/Ridge_In_Sample.png Graphic file (type png)
<use ../Insurance_Charges_Plots/Ridge_In_Sample.png>
Package pdftex.def Info: ../Insurance_Charges_Plots/Ridge_In_Sample.png  used o
n input line 245.
(pdftex.def)             Requested size: 273.12392pt x 163.87085pt.
<../Insurance_Charges_Plots/Ridge_80_20.png, id=78, 722.7pt x 433.62pt>
File: ../Insurance_Charges_Plots/Ridge_80_20.png Graphic file (type png)
<use ../Insurance_Charges_Plots/Ridge_80_20.png>
Package pdftex.def Info: ../Insurance_Charges_Plots/Ridge_80_20.png  used on in
put line 250.
(pdftex.def)             Requested size: 273.12392pt x 163.87085pt.
 [7 <../Insurance_Charges_Plots/Reg_rSq_Backward.png> <../Insurance_Charges_Plo
ts/Reg_AIC_BIC_Backward.png> <../Insurance_Charges_Plots/Reg_rSq_Stepwise.png> 
<../Insurance_Charges_Plots/Reg_AIC_BIC_Stepwise.png>] [8 <../Insurance_Charges
_Plots/Ridge_In_Sample.png> <../Insurance_Charges_Plots/Ridge_80_20.png>]
<../Insurance_Charges_Plots/Ridge_rSq_Forward.png, id=100, 722.7pt x 433.62pt>
File: ../Insurance_Charges_Plots/Ridge_rSq_Forward.png Graphic file (type png)
<use ../Insurance_Charges_Plots/Ridge_rSq_Forward.png>
Package pdftex.def Info: ../Insurance_Charges_Plots/Ridge_rSq_Forward.png  used
 on input line 314.
(pdftex.def)             Requested size: 273.12392pt x 163.87085pt.
<../Insurance_Charges_Plots/Ridge_AIC_BIC_Forward.png, id=101, 722.7pt x 433.62
pt>
File: ../Insurance_Charges_Plots/Ridge_AIC_BIC_Forward.png Graphic file (type p
ng)
<use ../Insurance_Charges_Plots/Ridge_AIC_BIC_Forward.png>
Package pdftex.def Info: ../Insurance_Charges_Plots/Ridge_AIC_BIC_Forward.png  
used on input line 319.
(pdftex.def)             Requested size: 273.12392pt x 163.87085pt.
<../Insurance_Charges_Plots/Ridge_rSq_Backward.png, id=102, 722.7pt x 433.62pt>

File: ../Insurance_Charges_Plots/Ridge_rSq_Backward.png Graphic file (type png)

<use ../Insurance_Charges_Plots/Ridge_rSq_Backward.png>
Package pdftex.def Info: ../Insurance_Charges_Plots/Ridge_rSq_Backward.png  use
d on input line 333.
(pdftex.def)             Requested size: 273.12392pt x 163.87085pt.
<../Insurance_Charges_Plots/Ridge_AIC_BIC_Backward.png, id=103, 722.7pt x 433.6
2pt>
File: ../Insurance_Charges_Plots/Ridge_AIC_BIC_Backward.png Graphic file (type 
png)
<use ../Insurance_Charges_Plots/Ridge_AIC_BIC_Backward.png>
Package pdftex.def Info: ../Insurance_Charges_Plots/Ridge_AIC_BIC_Backward.png 
 used on input line 338.
(pdftex.def)             Requested size: 273.12392pt x 163.87085pt.
 [9 <../Insurance_Charges_Plots/Ridge_rSq_Forward.png> <../Insurance_Charges_Pl
ots/Ridge_AIC_BIC_Forward.png>]
<../Insurance_Charges_Plots/Ridge_rSq_Stepwise.png, id=113, 722.7pt x 433.62pt>

File: ../Insurance_Charges_Plots/Ridge_rSq_Stepwise.png Graphic file (type png)

<use ../Insurance_Charges_Plots/Ridge_rSq_Stepwise.png>
Package pdftex.def Info: ../Insurance_Charges_Plots/Ridge_rSq_Stepwise.png  use
d on input line 352.
(pdftex.def)             Requested size: 273.12392pt x 163.87085pt.
<../Insurance_Charges_Plots/Ridge_AIC_BIC_Stepwise.png, id=114, 722.7pt x 433.6
2pt>
File: ../Insurance_Charges_Plots/Ridge_AIC_BIC_Stepwise.png Graphic file (type 
png)
<use ../Insurance_Charges_Plots/Ridge_AIC_BIC_Stepwise.png>
Package pdftex.def Info: ../Insurance_Charges_Plots/Ridge_AIC_BIC_Stepwise.png 
 used on input line 357.
(pdftex.def)             Requested size: 273.12392pt x 163.87085pt.
<../Insurance_Charges_Plots/Lasso_In_Sample.png, id=115, 722.7pt x 433.62pt>
File: ../Insurance_Charges_Plots/Lasso_In_Sample.png Graphic file (type png)
<use ../Insurance_Charges_Plots/Lasso_In_Sample.png>
Package pdftex.def Info: ../Insurance_Charges_Plots/Lasso_In_Sample.png  used o
n input line 384.
(pdftex.def)             Requested size: 273.12392pt x 163.87085pt.
<../Insurance_Charges_Plots/Lasso_80_20.png, id=116, 722.7pt x 433.62pt>
File: ../Insurance_Charges_Plots/Lasso_80_20.png Graphic file (type png)
<use ../Insurance_Charges_Plots/Lasso_80_20.png>
Package pdftex.def Info: ../Insurance_Charges_Plots/Lasso_80_20.png  used on in
put line 389.
(pdftex.def)             Requested size: 273.12392pt x 163.87085pt.
 [10 <../Insurance_Charges_Plots/Ridge_rSq_Backward.png> <../Insurance_Charges_
Plots/Ridge_AIC_BIC_Backward.png> <../Insurance_Charges_Plots/Ridge_rSq_Stepwis
e.png> <../Insurance_Charges_Plots/Ridge_AIC_BIC_Stepwise.png>] [11 <../Insuran
ce_Charges_Plots/Lasso_In_Sample.png> <../Insurance_Charges_Plots/Lasso_80_20.p
ng>]
<../Insurance_Charges_Plots/Lasso_rSq_Forward.png, id=137, 722.7pt x 433.62pt>
File: ../Insurance_Charges_Plots/Lasso_rSq_Forward.png Graphic file (type png)
<use ../Insurance_Charges_Plots/Lasso_rSq_Forward.png>
Package pdftex.def Info: ../Insurance_Charges_Plots/Lasso_rSq_Forward.png  used
 on input line 453.
(pdftex.def)             Requested size: 273.12392pt x 163.87085pt.
<../Insurance_Charges_Plots/Lasso_AIC_BIC_Forward.png, id=138, 722.7pt x 433.62
pt>
File: ../Insurance_Charges_Plots/Lasso_AIC_BIC_Forward.png Graphic file (type p
ng)
<use ../Insurance_Charges_Plots/Lasso_AIC_BIC_Forward.png>
Package pdftex.def Info: ../Insurance_Charges_Plots/Lasso_AIC_BIC_Forward.png  
used on input line 458.
(pdftex.def)             Requested size: 273.12392pt x 163.87085pt.
<../Insurance_Charges_Plots/Lasso_rSq_Backward.png, id=139, 722.7pt x 433.62pt>

File: ../Insurance_Charges_Plots/Lasso_rSq_Backward.png Graphic file (type png)

<use ../Insurance_Charges_Plots/Lasso_rSq_Backward.png>
Package pdftex.def Info: ../Insurance_Charges_Plots/Lasso_rSq_Backward.png  use
d on input line 472.
(pdftex.def)             Requested size: 273.12392pt x 163.87085pt.
<../Insurance_Charges_Plots/Lasso_AIC_BIC_Backward.png, id=140, 722.7pt x 433.6
2pt>
File: ../Insurance_Charges_Plots/Lasso_AIC_BIC_Backward.png Graphic file (type 
png)
<use ../Insurance_Charges_Plots/Lasso_AIC_BIC_Backward.png>
Package pdftex.def Info: ../Insurance_Charges_Plots/Lasso_AIC_BIC_Backward.png 
 used on input line 477.
(pdftex.def)             Requested size: 273.12392pt x 163.87085pt.
 [12 <../Insurance_Charges_Plots/Lasso_rSq_Forward.png> <../Insurance_Charges_P
lots/Lasso_AIC_BIC_Forward.png>]
<../Insurance_Charges_Plots/Lasso_rSq_Stepwise.png, id=150, 722.7pt x 433.62pt>

File: ../Insurance_Charges_Plots/Lasso_rSq_Stepwise.png Graphic file (type png)

<use ../Insurance_Charges_Plots/Lasso_rSq_Stepwise.png>
Package pdftex.def Info: ../Insurance_Charges_Plots/Lasso_rSq_Stepwise.png  use
d on input line 491.
(pdftex.def)             Requested size: 273.12392pt x 163.87085pt.
<../Insurance_Charges_Plots/Lasso_AIC_BIC_Stepwise.png, id=151, 722.7pt x 433.6
2pt>
File: ../Insurance_Charges_Plots/Lasso_AIC_BIC_Stepwise.png Graphic file (type 
png)
<use ../Insurance_Charges_Plots/Lasso_AIC_BIC_Stepwise.png>
Package pdftex.def Info: ../Insurance_Charges_Plots/Lasso_AIC_BIC_Stepwise.png 
 used on input line 496.
(pdftex.def)             Requested size: 273.12392pt x 163.87085pt.
<../Insurance_Charges_Plots/Sqrt_In_Sample.png, id=152, 722.7pt x 433.62pt>
File: ../Insurance_Charges_Plots/Sqrt_In_Sample.png Graphic file (type png)
<use ../Insurance_Charges_Plots/Sqrt_In_Sample.png>
Package pdftex.def Info: ../Insurance_Charges_Plots/Sqrt_In_Sample.png  used on
 input line 519.
(pdftex.def)             Requested size: 273.12392pt x 163.87085pt.
<../Insurance_Charges_Plots/Sqrt_80_20.png, id=153, 722.7pt x 433.62pt>
File: ../Insurance_Charges_Plots/Sqrt_80_20.png Graphic file (type png)
<use ../Insurance_Charges_Plots/Sqrt_80_20.png>
Package pdftex.def Info: ../Insurance_Charges_Plots/Sqrt_80_20.png  used on inp
ut line 524.
(pdftex.def)             Requested size: 273.12392pt x 163.87085pt.

[13 <../Insurance_Charges_Plots/Lasso_rSq_Backward.png> <../Insurance_Charges_P
lots/Lasso_AIC_BIC_Backward.png> <../Insurance_Charges_Plots/Lasso_rSq_Stepwise
.png> <../Insurance_Charges_Plots/Lasso_AIC_BIC_Stepwise.png>] [14 <../Insuranc
e_Charges_Plots/Sqrt_In_Sample.png> <../Insurance_Charges_Plots/Sqrt_80_20.png>
]
<../Insurance_Charges_Plots/Sqrt_rSq_Forward.png, id=175, 722.7pt x 433.62pt>
File: ../Insurance_Charges_Plots/Sqrt_rSq_Forward.png Graphic file (type png)
<use ../Insurance_Charges_Plots/Sqrt_rSq_Forward.png>
Package pdftex.def Info: ../Insurance_Charges_Plots/Sqrt_rSq_Forward.png  used 
on input line 588.
(pdftex.def)             Requested size: 273.12392pt x 163.87085pt.
<../Insurance_Charges_Plots/Sqrt_AIC_BIC_Forward.png, id=176, 722.7pt x 433.62p
t>
File: ../Insurance_Charges_Plots/Sqrt_AIC_BIC_Forward.png Graphic file (type pn
g)
<use ../Insurance_Charges_Plots/Sqrt_AIC_BIC_Forward.png>
Package pdftex.def Info: ../Insurance_Charges_Plots/Sqrt_AIC_BIC_Forward.png  u
sed on input line 593.
(pdftex.def)             Requested size: 273.12392pt x 163.87085pt.
<../Insurance_Charges_Plots/Sqrt_rSq_Backward.png, id=177, 722.7pt x 433.62pt>
File: ../Insurance_Charges_Plots/Sqrt_rSq_Backward.png Graphic file (type png)
<use ../Insurance_Charges_Plots/Sqrt_rSq_Backward.png>
Package pdftex.def Info: ../Insurance_Charges_Plots/Sqrt_rSq_Backward.png  used
 on input line 607.
(pdftex.def)             Requested size: 273.12392pt x 163.87085pt.
<../Insurance_Charges_Plots/Sqrt_AIC_BIC_Backward.png, id=178, 722.7pt x 433.62
pt>
File: ../Insurance_Charges_Plots/Sqrt_AIC_BIC_Backward.png Graphic file (type p
ng)
<use ../Insurance_Charges_Plots/Sqrt_AIC_BIC_Backward.png>
Package pdftex.def Info: ../Insurance_Charges_Plots/Sqrt_AIC_BIC_Backward.png  
used on input line 612.
(pdftex.def)             Requested size: 273.12392pt x 163.87085pt.
 [15 <../Insurance_Charges_Plots/Sqrt_rSq_Forward.png> <../Insurance_Charges_Pl
ots/Sqrt_AIC_BIC_Forward.png>]
<../Insurance_Charges_Plots/Sqrt_rSq_Stepwise.png, id=188, 722.7pt x 433.62pt>
File: ../Insurance_Charges_Plots/Sqrt_rSq_Stepwise.png Graphic file (type png)
<use ../Insurance_Charges_Plots/Sqrt_rSq_Stepwise.png>
Package pdftex.def Info: ../Insurance_Charges_Plots/Sqrt_rSq_Stepwise.png  used
 on input line 626.
(pdftex.def)             Requested size: 273.12392pt x 163.87085pt.
<../Insurance_Charges_Plots/Sqrt_AIC_BIC_Stepwise.png, id=189, 722.7pt x 433.62
pt>
File: ../Insurance_Charges_Plots/Sqrt_AIC_BIC_Stepwise.png Graphic file (type p
ng)
<use ../Insurance_Charges_Plots/Sqrt_AIC_BIC_Stepwise.png>
Package pdftex.def Info: ../Insurance_Charges_Plots/Sqrt_AIC_BIC_Stepwise.png  
used on input line 631.
(pdftex.def)             Requested size: 273.12392pt x 163.87085pt.
<../Insurance_Charges_Plots/Log1p_In_Sample.png, id=190, 722.7pt x 433.62pt>
File: ../Insurance_Charges_Plots/Log1p_In_Sample.png Graphic file (type png)
<use ../Insurance_Charges_Plots/Log1p_In_Sample.png>
Package pdftex.def Info: ../Insurance_Charges_Plots/Log1p_In_Sample.png  used o
n input line 654.
(pdftex.def)             Requested size: 273.12392pt x 163.87085pt.
<../Insurance_Charges_Plots/Log1p_80_20.png, id=191, 722.7pt x 433.62pt>
File: ../Insurance_Charges_Plots/Log1p_80_20.png Graphic file (type png)
<use ../Insurance_Charges_Plots/Log1p_80_20.png>
Package pdftex.def Info: ../Insurance_Charges_Plots/Log1p_80_20.png  used on in
put line 659.
(pdftex.def)             Requested size: 273.12392pt x 163.87085pt.
 [16 <../Insurance_Charges_Plots/Sqrt_rSq_Backward.png> <../Insurance_Charges_P
lots/Sqrt_AIC_BIC_Backward.png> <../Insurance_Charges_Plots/Sqrt_rSq_Stepwise.p
ng> <../Insurance_Charges_Plots/Sqrt_AIC_BIC_Stepwise.png>] [17 <../Insurance_C
harges_Plots/Log1p_In_Sample.png> <../Insurance_Charges_Plots/Log1p_80_20.png>]
<../Insurance_Charges_Plots/Log1p_rSq_Forward.png, id=213, 722.7pt x 433.62pt>
File: ../Insurance_Charges_Plots/Log1p_rSq_Forward.png Graphic file (type png)
<use ../Insurance_Charges_Plots/Log1p_rSq_Forward.png>
Package pdftex.def Info: ../Insurance_Charges_Plots/Log1p_rSq_Forward.png  used
 on input line 723.
(pdftex.def)             Requested size: 273.12392pt x 163.87085pt.
<../Insurance_Charges_Plots/Log1p_AIC_BIC_Forward.png, id=214, 722.7pt x 433.62
pt>
File: ../Insurance_Charges_Plots/Log1p_AIC_BIC_Forward.png Graphic file (type p
ng)
<use ../Insurance_Charges_Plots/Log1p_AIC_BIC_Forward.png>
Package pdftex.def Info: ../Insurance_Charges_Plots/Log1p_AIC_BIC_Forward.png  
used on input line 728.
(pdftex.def)             Requested size: 273.12392pt x 163.87085pt.
<../Insurance_Charges_Plots/Log1p_rSq_Backward.png, id=215, 722.7pt x 433.62pt>

File: ../Insurance_Charges_Plots/Log1p_rSq_Backward.png Graphic file (type png)

<use ../Insurance_Charges_Plots/Log1p_rSq_Backward.png>
Package pdftex.def Info: ../Insurance_Charges_Plots/Log1p_rSq_Backward.png  use
d on input line 742.
(pdftex.def)             Requested size: 273.12392pt x 163.87085pt.
<../Insurance_Charges_Plots/Log1p_AIC_BIC_Backward.png, id=216, 722.7pt x 433.6
2pt>
File: ../Insurance_Charges_Plots/Log1p_AIC_BIC_Backward.png Graphic file (type 
png)
<use ../Insurance_Charges_Plots/Log1p_AIC_BIC_Backward.png>
Package pdftex.def Info: ../Insurance_Charges_Plots/Log1p_AIC_BIC_Backward.png 
 used on input line 747.
(pdftex.def)             Requested size: 273.12392pt x 163.87085pt.
 [18 <../Insurance_Charges_Plots/Log1p_rSq_Forward.png> <../Insurance_Charges_P
lots/Log1p_AIC_BIC_Forward.png>]
<../Insurance_Charges_Plots/Log1p_rSq_Stepwise.png, id=226, 722.7pt x 433.62pt>

File: ../Insurance_Charges_Plots/Log1p_rSq_Stepwise.png Graphic file (type png)

<use ../Insurance_Charges_Plots/Log1p_rSq_Stepwise.png>
Package pdftex.def Info: ../Insurance_Charges_Plots/Log1p_rSq_Stepwise.png  use
d on input line 761.
(pdftex.def)             Requested size: 273.12392pt x 163.87085pt.
<../Insurance_Charges_Plots/Log1p_AIC_BIC_Stepwise.png, id=227, 722.7pt x 433.6
2pt>
File: ../Insurance_Charges_Plots/Log1p_AIC_BIC_Stepwise.png Graphic file (type 
png)
<use ../Insurance_Charges_Plots/Log1p_AIC_BIC_Stepwise.png>
Package pdftex.def Info: ../Insurance_Charges_Plots/Log1p_AIC_BIC_Stepwise.png 
 used on input line 766.
(pdftex.def)             Requested size: 273.12392pt x 163.87085pt.
<../Insurance_Charges_Plots/BoxCox_In_Sample.png, id=228, 722.7pt x 433.62pt>
File: ../Insurance_Charges_Plots/BoxCox_In_Sample.png Graphic file (type png)
<use ../Insurance_Charges_Plots/BoxCox_In_Sample.png>
Package pdftex.def Info: ../Insurance_Charges_Plots/BoxCox_In_Sample.png  used 
on input line 791.
(pdftex.def)             Requested size: 273.12392pt x 163.87085pt.
<../Insurance_Charges_Plots/BoxCox_80_20.png, id=229, 722.7pt x 433.62pt>
File: ../Insurance_Charges_Plots/BoxCox_80_20.png Graphic file (type png)
<use ../Insurance_Charges_Plots/BoxCox_80_20.png>
Package pdftex.def Info: ../Insurance_Charges_Plots/BoxCox_80_20.png  used on i
nput line 796.
(pdftex.def)             Requested size: 273.12392pt x 163.87085pt.
 [19 <../Insurance_Charges_Plots/Log1p_rSq_Backward.png> <../Insurance_Charges_
Plots/Log1p_AIC_BIC_Backward.png> <../Insurance_Charges_Plots/Log1p_rSq_Stepwis
e.png> <../Insurance_Charges_Plots/Log1p_AIC_BIC_Stepwise.png>] [20 <../Insuran
ce_Charges_Plots/BoxCox_In_Sample.png> <../Insurance_Charges_Plots/BoxCox_80_20
.png>]
<../Insurance_Charges_Plots/BoxCox_rSq_Forward.png, id=251, 722.7pt x 433.62pt>

File: ../Insurance_Charges_Plots/BoxCox_rSq_Forward.png Graphic file (type png)

<use ../Insurance_Charges_Plots/BoxCox_rSq_Forward.png>
Package pdftex.def Info: ../Insurance_Charges_Plots/BoxCox_rSq_Forward.png  use
d on input line 860.
(pdftex.def)             Requested size: 273.12392pt x 163.87085pt.
<../Insurance_Charges_Plots/BoxCox_AIC_BIC_Forward.png, id=252, 722.7pt x 433.6
2pt>
File: ../Insurance_Charges_Plots/BoxCox_AIC_BIC_Forward.png Graphic file (type 
png)
<use ../Insurance_Charges_Plots/BoxCox_AIC_BIC_Forward.png>
Package pdftex.def Info: ../Insurance_Charges_Plots/BoxCox_AIC_BIC_Forward.png 
 used on input line 865.
(pdftex.def)             Requested size: 273.12392pt x 163.87085pt.
<../Insurance_Charges_Plots/BoxCox_rSq_Backward.png, id=253, 722.7pt x 433.62pt
>
File: ../Insurance_Charges_Plots/BoxCox_rSq_Backward.png Graphic file (type png
)
<use ../Insurance_Charges_Plots/BoxCox_rSq_Backward.png>
Package pdftex.def Info: ../Insurance_Charges_Plots/BoxCox_rSq_Backward.png  us
ed on input line 879.
(pdftex.def)             Requested size: 273.12392pt x 163.87085pt.
<../Insurance_Charges_Plots/BoxCox_AIC_BIC_Backward.png, id=254, 722.7pt x 433.
62pt>
File: ../Insurance_Charges_Plots/BoxCox_AIC_BIC_Backward.png Graphic file (type
 png)
<use ../Insurance_Charges_Plots/BoxCox_AIC_BIC_Backward.png>
Package pdftex.def Info: ../Insurance_Charges_Plots/BoxCox_AIC_BIC_Backward.png
  used on input line 884.
(pdftex.def)             Requested size: 273.12392pt x 163.87085pt.
 [21 <../Insurance_Charges_Plots/BoxCox_rSq_Forward.png> <../Insurance_Charges_
Plots/BoxCox_AIC_BIC_Forward.png>]
<../Insurance_Charges_Plots/BoxCox_rSq_Stepwise.png, id=264, 722.7pt x 433.62pt
>
File: ../Insurance_Charges_Plots/BoxCox_rSq_Stepwise.png Graphic file (type png
)
<use ../Insurance_Charges_Plots/BoxCox_rSq_Stepwise.png>
Package pdftex.def Info: ../Insurance_Charges_Plots/BoxCox_rSq_Stepwise.png  us
ed on input line 898.
(pdftex.def)             Requested size: 273.12392pt x 163.87085pt.
<../Insurance_Charges_Plots/BoxCox_AIC_BIC_Stepwise.png, id=265, 722.7pt x 433.
62pt>
File: ../Insurance_Charges_Plots/BoxCox_AIC_BIC_Stepwise.png Graphic file (type
 png)
<use ../Insurance_Charges_Plots/BoxCox_AIC_BIC_Stepwise.png>
Package pdftex.def Info: ../Insurance_Charges_Plots/BoxCox_AIC_BIC_Stepwise.png
  used on input line 903.
(pdftex.def)             Requested size: 273.12392pt x 163.87085pt.
<../Insurance_Charges_Plots/Order2Reg_In_Sample.png, id=266, 722.7pt x 433.62pt
>
File: ../Insurance_Charges_Plots/Order2Reg_In_Sample.png Graphic file (type png
)
<use ../Insurance_Charges_Plots/Order2Reg_In_Sample.png>
Package pdftex.def Info: ../Insurance_Charges_Plots/Order2Reg_In_Sample.png  us
ed on input line 928.
(pdftex.def)             Requested size: 273.12392pt x 163.87085pt.
<../Insurance_Charges_Plots/Order2Reg_80_20.png, id=267, 722.7pt x 433.62pt>
File: ../Insurance_Charges_Plots/Order2Reg_80_20.png Graphic file (type png)
<use ../Insurance_Charges_Plots/Order2Reg_80_20.png>
Package pdftex.def Info: ../Insurance_Charges_Plots/Order2Reg_80_20.png  used o
n input line 933.
(pdftex.def)             Requested size: 273.12392pt x 163.87085pt.
 [22 <../Insurance_Charges_Plots/BoxCox_rSq_Backward.png> <../Insurance_Charges
_Plots/BoxCox_AIC_BIC_Backward.png> <../Insurance_Charges_Plots/BoxCox_rSq_Step
wise.png> <../Insurance_Charges_Plots/BoxCox_AIC_BIC_Stepwise.png>] [23 <../Ins
urance_Charges_Plots/Order2Reg_In_Sample.png> <../Insurance_Charges_Plots/Order
2Reg_80_20.png>]
<../Insurance_Charges_Plots/Order2Reg_rSq_Forward.png, id=288, 722.7pt x 433.62
pt>
File: ../Insurance_Charges_Plots/Order2Reg_rSq_Forward.png Graphic file (type p
ng)
<use ../Insurance_Charges_Plots/Order2Reg_rSq_Forward.png>
Package pdftex.def Info: ../Insurance_Charges_Plots/Order2Reg_rSq_Forward.png  
used on input line 997.
(pdftex.def)             Requested size: 273.12392pt x 163.87085pt.
<../Insurance_Charges_Plots/Order2Reg_AIC_BIC_Forward.png, id=289, 722.7pt x 43
3.62pt>
File: ../Insurance_Charges_Plots/Order2Reg_AIC_BIC_Forward.png Graphic file (ty
pe png)
<use ../Insurance_Charges_Plots/Order2Reg_AIC_BIC_Forward.png>
Package pdftex.def Info: ../Insurance_Charges_Plots/Order2Reg_AIC_BIC_Forward.p
ng  used on input line 1002.
(pdftex.def)             Requested size: 273.12392pt x 163.87085pt.
 [24 <../Insurance_Charges_Plots/Order2Reg_rSq_Forward.png> <../Insurance_Charg
es_Plots/Order2Reg_AIC_BIC_Forward.png>]
<../Insurance_Charges_Plots/Order2Reg_rSq_Backward.png, id=299, 722.7pt x 433.6
2pt>
File: ../Insurance_Charges_Plots/Order2Reg_rSq_Backward.png Graphic file (type 
png)
<use ../Insurance_Charges_Plots/Order2Reg_rSq_Backward.png>
Package pdftex.def Info: ../Insurance_Charges_Plots/Order2Reg_rSq_Backward.png 
 used on input line 1016.
(pdftex.def)             Requested size: 273.12392pt x 163.87085pt.
<../Insurance_Charges_Plots/Order2Reg_AIC_BIC_Backward.png, id=300, 722.7pt x 4
33.62pt>
File: ../Insurance_Charges_Plots/Order2Reg_AIC_BIC_Backward.png Graphic file (t
ype png)
<use ../Insurance_Charges_Plots/Order2Reg_AIC_BIC_Backward.png>
Package pdftex.def Info: ../Insurance_Charges_Plots/Order2Reg_AIC_BIC_Backward.
png  used on input line 1021.
(pdftex.def)             Requested size: 273.12392pt x 163.87085pt.
<../Insurance_Charges_Plots/Order2Reg_rSq_Stepwise.png, id=301, 722.7pt x 433.6
2pt>
File: ../Insurance_Charges_Plots/Order2Reg_rSq_Stepwise.png Graphic file (type 
png)
<use ../Insurance_Charges_Plots/Order2Reg_rSq_Stepwise.png>
Package pdftex.def Info: ../Insurance_Charges_Plots/Order2Reg_rSq_Stepwise.png 
 used on input line 1035.
(pdftex.def)             Requested size: 273.12392pt x 163.87085pt.
<../Insurance_Charges_Plots/Order2Reg_AIC_BIC_Stepwise.png, id=302, 722.7pt x 4
33.62pt>
File: ../Insurance_Charges_Plots/Order2Reg_AIC_BIC_Stepwise.png Graphic file (t
ype png)
<use ../Insurance_Charges_Plots/Order2Reg_AIC_BIC_Stepwise.png>
Package pdftex.def Info: ../Insurance_Charges_Plots/Order2Reg_AIC_BIC_Stepwise.
png  used on input line 1040.
(pdftex.def)             Requested size: 273.12392pt x 163.87085pt.
<../Insurance_Charges_Plots/NN_2L_In_Sample.png, id=303, 722.7pt x 433.62pt>
File: ../Insurance_Charges_Plots/NN_2L_In_Sample.png Graphic file (type png)
<use ../Insurance_Charges_Plots/NN_2L_In_Sample.png>
Package pdftex.def Info: ../Insurance_Charges_Plots/NN_2L_In_Sample.png  used o
n input line 1065.
(pdftex.def)             Requested size: 273.12392pt x 163.87085pt.
<../Insurance_Charges_Plots/NN_2L_80_20.png, id=304, 722.7pt x 433.62pt>
File: ../Insurance_Charges_Plots/NN_2L_80_20.png Graphic file (type png)
<use ../Insurance_Charges_Plots/NN_2L_80_20.png>
Package pdftex.def Info: ../Insurance_Charges_Plots/NN_2L_80_20.png  used on in
put line 1070.
(pdftex.def)             Requested size: 273.12392pt x 163.87085pt.
 [25 <../Insurance_Charges_Plots/Order2Reg_rSq_Backward.png> <../Insurance_Char
ges_Plots/Order2Reg_AIC_BIC_Backward.png> <../Insurance_Charges_Plots/Order2Reg
_rSq_Stepwise.png> <../Insurance_Charges_Plots/Order2Reg_AIC_BIC_Stepwise.png>]
 [26 <../Insurance_Charges_Plots/NN_2L_In_Sample.png> <../Insurance_Charges_Plo
ts/NN_2L_80_20.png>]
<../Insurance_Charges_Plots/NN_2L_rSq_Forward.png, id=326, 722.7pt x 433.62pt>
File: ../Insurance_Charges_Plots/NN_2L_rSq_Forward.png Graphic file (type png)
<use ../Insurance_Charges_Plots/NN_2L_rSq_Forward.png>
Package pdftex.def Info: ../Insurance_Charges_Plots/NN_2L_rSq_Forward.png  used
 on input line 1134.
(pdftex.def)             Requested size: 273.12392pt x 163.87085pt.
<../Insurance_Charges_Plots/NN_2L_AIC_BIC_Forward.png, id=327, 722.7pt x 433.62
pt>
File: ../Insurance_Charges_Plots/NN_2L_AIC_BIC_Forward.png Graphic file (type p
ng)
<use ../Insurance_Charges_Plots/NN_2L_AIC_BIC_Forward.png>
Package pdftex.def Info: ../Insurance_Charges_Plots/NN_2L_AIC_BIC_Forward.png  
used on input line 1139.
(pdftex.def)             Requested size: 273.12392pt x 163.87085pt.
<../Insurance_Charges_Plots/NN_2L_rSq_Backward.png, id=328, 722.7pt x 433.62pt>

File: ../Insurance_Charges_Plots/NN_2L_rSq_Backward.png Graphic file (type png)

<use ../Insurance_Charges_Plots/NN_2L_rSq_Backward.png>
Package pdftex.def Info: ../Insurance_Charges_Plots/NN_2L_rSq_Backward.png  use
d on input line 1153.
(pdftex.def)             Requested size: 273.12392pt x 163.87085pt.
<../Insurance_Charges_Plots/NN_2L_AIC_BIC_Backward.png, id=329, 722.7pt x 433.6
2pt>
File: ../Insurance_Charges_Plots/NN_2L_AIC_BIC_Backward.png Graphic file (type 
png)
<use ../Insurance_Charges_Plots/NN_2L_AIC_BIC_Backward.png>
Package pdftex.def Info: ../Insurance_Charges_Plots/NN_2L_AIC_BIC_Backward.png 
 used on input line 1158.
(pdftex.def)             Requested size: 273.12392pt x 163.87085pt.
 [27 <../Insurance_Charges_Plots/NN_2L_rSq_Forward.png> <../Insurance_Charges_P
lots/NN_2L_AIC_BIC_Forward.png>]
<../Insurance_Charges_Plots/NN_2L_rSq_Stepwise.png, id=339, 722.7pt x 433.62pt>

File: ../Insurance_Charges_Plots/NN_2L_rSq_Stepwise.png Graphic file (type png)

<use ../Insurance_Charges_Plots/NN_2L_rSq_Stepwise.png>
Package pdftex.def Info: ../Insurance_Charges_Plots/NN_2L_rSq_Stepwise.png  use
d on input line 1172.
(pdftex.def)             Requested size: 273.12392pt x 163.87085pt.
<../Insurance_Charges_Plots/NN_2L_AIC_BIC_Stepwise.png, id=340, 722.7pt x 433.6
2pt>
File: ../Insurance_Charges_Plots/NN_2L_AIC_BIC_Stepwise.png Graphic file (type 
png)
<use ../Insurance_Charges_Plots/NN_2L_AIC_BIC_Stepwise.png>
Package pdftex.def Info: ../Insurance_Charges_Plots/NN_2L_AIC_BIC_Stepwise.png 
 used on input line 1177.
(pdftex.def)             Requested size: 273.12392pt x 163.87085pt.
<../Insurance_Charges_Plots/NN_3L_In_Sample.png, id=341, 722.7pt x 433.62pt>
File: ../Insurance_Charges_Plots/NN_3L_In_Sample.png Graphic file (type png)
<use ../Insurance_Charges_Plots/NN_3L_In_Sample.png>
Package pdftex.def Info: ../Insurance_Charges_Plots/NN_3L_In_Sample.png  used o
n input line 1202.
(pdftex.def)             Requested size: 273.12392pt x 163.87085pt.
<../Insurance_Charges_Plots/NN_3L_80_20.png, id=342, 722.7pt x 433.62pt>
File: ../Insurance_Charges_Plots/NN_3L_80_20.png Graphic file (type png)
<use ../Insurance_Charges_Plots/NN_3L_80_20.png>
Package pdftex.def Info: ../Insurance_Charges_Plots/NN_3L_80_20.png  used on in
put line 1207.
(pdftex.def)             Requested size: 273.12392pt x 163.87085pt.
 [28 <../Insurance_Charges_Plots/NN_2L_rSq_Backward.png> <../Insurance_Charges_
Plots/NN_2L_AIC_BIC_Backward.png> <../Insurance_Charges_Plots/NN_2L_rSq_Stepwis
e.png> <../Insurance_Charges_Plots/NN_2L_AIC_BIC_Stepwise.png>] [29 <../Insuran
ce_Charges_Plots/NN_3L_In_Sample.png> <../Insurance_Charges_Plots/NN_3L_80_20.p
ng>]
<../Insurance_Charges_Plots/NN_3L_rSq_Forward.png, id=363, 722.7pt x 433.62pt>
File: ../Insurance_Charges_Plots/NN_3L_rSq_Forward.png Graphic file (type png)
<use ../Insurance_Charges_Plots/NN_3L_rSq_Forward.png>
Package pdftex.def Info: ../Insurance_Charges_Plots/NN_3L_rSq_Forward.png  used
 on input line 1271.
(pdftex.def)             Requested size: 273.12392pt x 163.87085pt.
<../Insurance_Charges_Plots/NN_3L_AIC_BIC_Forward.png, id=364, 722.7pt x 433.62
pt>
File: ../Insurance_Charges_Plots/NN_3L_AIC_BIC_Forward.png Graphic file (type p
ng)
<use ../Insurance_Charges_Plots/NN_3L_AIC_BIC_Forward.png>
Package pdftex.def Info: ../Insurance_Charges_Plots/NN_3L_AIC_BIC_Forward.png  
used on input line 1276.
(pdftex.def)             Requested size: 273.12392pt x 163.87085pt.
<../Insurance_Charges_Plots/NN_3L_rSq_Backward.png, id=365, 722.7pt x 433.62pt>

File: ../Insurance_Charges_Plots/NN_3L_rSq_Backward.png Graphic file (type png)

<use ../Insurance_Charges_Plots/NN_3L_rSq_Backward.png>
Package pdftex.def Info: ../Insurance_Charges_Plots/NN_3L_rSq_Backward.png  use
d on input line 1290.
(pdftex.def)             Requested size: 273.12392pt x 163.87085pt.
<../Insurance_Charges_Plots/NN_3L_AIC_BIC_Backward.png, id=366, 722.7pt x 433.6
2pt>
File: ../Insurance_Charges_Plots/NN_3L_AIC_BIC_Backward.png Graphic file (type 
png)
<use ../Insurance_Charges_Plots/NN_3L_AIC_BIC_Backward.png>
Package pdftex.def Info: ../Insurance_Charges_Plots/NN_3L_AIC_BIC_Backward.png 
 used on input line 1295.
(pdftex.def)             Requested size: 273.12392pt x 163.87085pt.
 [30 <../Insurance_Charges_Plots/NN_3L_rSq_Forward.png> <../Insurance_Charges_P
lots/NN_3L_AIC_BIC_Forward.png>]
<../Insurance_Charges_Plots/NN_3L_rSq_Stepwise.png, id=376, 722.7pt x 433.62pt>

File: ../Insurance_Charges_Plots/NN_3L_rSq_Stepwise.png Graphic file (type png)

<use ../Insurance_Charges_Plots/NN_3L_rSq_Stepwise.png>
Package pdftex.def Info: ../Insurance_Charges_Plots/NN_3L_rSq_Stepwise.png  use
d on input line 1309.
(pdftex.def)             Requested size: 273.12392pt x 163.87085pt.
<../Insurance_Charges_Plots/NN_3L_AIC_BIC_Stepwise.png, id=377, 722.7pt x 433.6
2pt>
File: ../Insurance_Charges_Plots/NN_3L_AIC_BIC_Stepwise.png Graphic file (type 
png)
<use ../Insurance_Charges_Plots/NN_3L_AIC_BIC_Stepwise.png>
Package pdftex.def Info: ../Insurance_Charges_Plots/NN_3L_AIC_BIC_Stepwise.png 
 used on input line 1314.
(pdftex.def)             Requested size: 273.12392pt x 163.87085pt.
<../Insurance_Charges_Plots/NN_4L_In_Sample.png, id=378, 722.7pt x 433.62pt>
File: ../Insurance_Charges_Plots/NN_4L_In_Sample.png Graphic file (type png)
<use ../Insurance_Charges_Plots/NN_4L_In_Sample.png>
Package pdftex.def Info: ../Insurance_Charges_Plots/NN_4L_In_Sample.png  used o
n input line 1339.
(pdftex.def)             Requested size: 273.12392pt x 163.87085pt.
<../Insurance_Charges_Plots/NN_4L_80_20.png, id=379, 722.7pt x 433.62pt>
File: ../Insurance_Charges_Plots/NN_4L_80_20.png Graphic file (type png)
<use ../Insurance_Charges_Plots/NN_4L_80_20.png>
Package pdftex.def Info: ../Insurance_Charges_Plots/NN_4L_80_20.png  used on in
put line 1344.
(pdftex.def)             Requested size: 273.12392pt x 163.87085pt.
 [31 <../Insurance_Charges_Plots/NN_3L_rSq_Backward.png> <../Insurance_Charges_
Plots/NN_3L_AIC_BIC_Backward.png> <../Insurance_Charges_Plots/NN_3L_rSq_Stepwis
e.png> <../Insurance_Charges_Plots/NN_3L_AIC_BIC_Stepwise.png>]
[32 <../Insurance_Charges_Plots/NN_4L_In_Sample.png> <../Insurance_Charges_Plot
s/NN_4L_80_20.png>]
<../Insurance_Charges_Plots/NN_4L_rSq_Forward.png, id=401, 722.7pt x 433.62pt>
File: ../Insurance_Charges_Plots/NN_4L_rSq_Forward.png Graphic file (type png)
<use ../Insurance_Charges_Plots/NN_4L_rSq_Forward.png>
Package pdftex.def Info: ../Insurance_Charges_Plots/NN_4L_rSq_Forward.png  used
 on input line 1408.
(pdftex.def)             Requested size: 273.12392pt x 163.87085pt.
<../Insurance_Charges_Plots/NN_4L_AIC_BIC_Forward.png, id=402, 722.7pt x 433.62
pt>
File: ../Insurance_Charges_Plots/NN_4L_AIC_BIC_Forward.png Graphic file (type p
ng)
<use ../Insurance_Charges_Plots/NN_4L_AIC_BIC_Forward.png>
Package pdftex.def Info: ../Insurance_Charges_Plots/NN_4L_AIC_BIC_Forward.png  
used on input line 1413.
(pdftex.def)             Requested size: 273.12392pt x 163.87085pt.
<../Insurance_Charges_Plots/NN_4L_rSq_Backward.png, id=403, 722.7pt x 433.62pt>

File: ../Insurance_Charges_Plots/NN_4L_rSq_Backward.png Graphic file (type png)

<use ../Insurance_Charges_Plots/NN_4L_rSq_Backward.png>
Package pdftex.def Info: ../Insurance_Charges_Plots/NN_4L_rSq_Backward.png  use
d on input line 1427.
(pdftex.def)             Requested size: 273.12392pt x 163.87085pt.
<../Insurance_Charges_Plots/NN_4L_AIC_BIC_Backward.png, id=404, 722.7pt x 433.6
2pt>
File: ../Insurance_Charges_Plots/NN_4L_AIC_BIC_Backward.png Graphic file (type 
png)
<use ../Insurance_Charges_Plots/NN_4L_AIC_BIC_Backward.png>
Package pdftex.def Info: ../Insurance_Charges_Plots/NN_4L_AIC_BIC_Backward.png 
 used on input line 1432.
(pdftex.def)             Requested size: 273.12392pt x 163.87085pt.
 [33 <../Insurance_Charges_Plots/NN_4L_rSq_Forward.png> <../Insurance_Charges_P
lots/NN_4L_AIC_BIC_Forward.png>]
<../Insurance_Charges_Plots/NN_4L_rSq_Stepwise.png, id=414, 722.7pt x 433.62pt>

File: ../Insurance_Charges_Plots/NN_4L_rSq_Stepwise.png Graphic file (type png)

<use ../Insurance_Charges_Plots/NN_4L_rSq_Stepwise.png>
Package pdftex.def Info: ../Insurance_Charges_Plots/NN_4L_rSq_Stepwise.png  use
d on input line 1446.
(pdftex.def)             Requested size: 273.12392pt x 163.87085pt.
<../Insurance_Charges_Plots/NN_4L_AIC_BIC_Stepwise.png, id=415, 722.7pt x 433.6
2pt>
File: ../Insurance_Charges_Plots/NN_4L_AIC_BIC_Stepwise.png Graphic file (type 
png)
<use ../Insurance_Charges_Plots/NN_4L_AIC_BIC_Stepwise.png>
Package pdftex.def Info: ../Insurance_Charges_Plots/NN_4L_AIC_BIC_Stepwise.png 
 used on input line 1451.
(pdftex.def)             Requested size: 273.12392pt x 163.87085pt.
 [34 <../Insurance_Charges_Plots/NN_4L_rSq_Backward.png> <../Insurance_Charges_
Plots/NN_4L_AIC_BIC_Backward.png> <../Insurance_Charges_Plots/NN_4L_rSq_Stepwis
e.png> <../Insurance_Charges_Plots/NN_4L_AIC_BIC_Stepwise.png>] [35] (./Report.
aux)
 ***********
LaTeX2e <2023-11-01> patch level 1
L3 programming layer <2024-02-20>
 ***********


LaTeX Warning: There were undefined references.


LaTeX Warning: Label(s) may have changed. Rerun to get cross-references right.


Package rerunfilecheck Warning: File `Report.out' has changed.
(rerunfilecheck)                Rerun to get outlines right
(rerunfilecheck)                or use package `bookmark'.

Package rerunfilecheck Info: Checksums for `Report.out':
(rerunfilecheck)             Before: <no file>
(rerunfilecheck)             After:  AC2EDE812890709F2EDFE081A6CD9C60;5262.
 ) 
Here is how much of TeX's memory you used:
 13662 strings out of 474116
 259386 string characters out of 5743682
 1976187 words of memory out of 5000000
 35767 multiletter control sequences out of 15000+600000
 563955 words of font info for 57 fonts, out of 8000000 for 9000
 1141 hyphenation exceptions out of 8191
 75i,9n,79p,1413b,454s stack positions out of 10000i,1000n,20000p,200000b,200000s
</usr/local/texlive/2024/texmf-dist/fonts/type1/public/amsfonts/cm/cmbx10.pfb
></usr/local/texlive/2024/texmf-dist/fonts/type1/public/amsfonts/cm/cmbx12.pfb>
</usr/local/texlive/2024/texmf-dist/fonts/type1/public/amsfonts/cm/cmmi10.pfb><
/usr/local/texlive/2024/texmf-dist/fonts/type1/public/amsfonts/cm/cmr10.pfb></u
sr/local/texlive/2024/texmf-dist/fonts/type1/public/amsfonts/cm/cmr12.pfb></usr
/local/texlive/2024/texmf-dist/fonts/type1/public/amsfonts/cm/cmr17.pfb></usr/l
ocal/texlive/2024/texmf-dist/fonts/type1/public/amsfonts/cm/cmr7.pfb></usr/loca
l/texlive/2024/texmf-dist/fonts/type1/public/amsfonts/cm/cmtt10.pfb></usr/local
/texlive/2024/texmf-dist/fonts/type1/public/cm-super/sfrm1000.pfb>
Output written on Report.pdf (35 pages, 7713912 bytes).
PDF statistics:
 504 PDF objects out of 1000 (max. 8388607)
 276 compressed objects within 3 object streams
 138 named destinations out of 1000 (max. 500000)
 426 words of extra memory for PDF output out of 10000 (max. 10000000)

